Arguments: 
  /usr/local/bin/node /Users/jenyckee/.yarn/bin/yarn.js add react-elm-components

PATH: 
  /Users/jenyckee/.yarn/bin:/Users/jenyckee/.cabal/bin:/Users/jenyckee/.cabal/bin:/usr/local/heroku/bin:/usr/local/bin:/usr/local/bin:/usr/bin:/bin:/usr/sbin:/sbin:/Library/TeX/texbin:/Users/jenyckee/.yarn/bin:/Users/jenyckee/.cabal/bin:/usr/local/heroku/bin:/Users/jenyckee/.rvm/bin:/Users/jenyckee/.rvm/bin

Yarn version: 
  1.3.2

Node version: 
  6.11.3

Platform: 
  darwin x64

npm manifest: 
  No manifest

yarn manifest: 
  No manifest

Lockfile: 
  No lockfile

Trace: 
  Error: https://registry.yarnpkg.com/react-elm-components: ETIMEDOUT
      at Timeout._onTimeout (/Users/jenyckee/.yarn/lib/cli.js:123749:19)
      at ontimeout (timers.js:386:11)
      at tryOnTimeout (timers.js:250:5)
      at Timer.listOnTimeout (timers.js:214:5)
